[2014-05-24 21:16:15] Added file markshmiter-tc.txt
[2014-05-24 21:16:15] Added file table_configuration_example.txt
[2014-05-24 21:16:15] Added file Test_01.txt
[2014-05-24 21:16:15] Added file Test_02.txt
[2014-05-24 21:16:15] Added file Test_03.txt
[2014-05-24 21:16:15] Added file Test_04.txt
[2014-05-24 21:16:15] Added file Test_05.txt
[2014-05-24 21:16:50] Added file Test_01.txt
[2014-05-24 21:16:50] Added file Test_02.txt
[2014-05-24 21:16:50] Added file Test_03.txt
[2014-05-24 21:16:50] Added file Test_04.txt
[2014-05-24 21:16:50] Added file Test_05.txt
[2014-05-24 21:16:50] Added file Test_06.txt
[2014-05-24 21:16:50] Added file Test_08.txt
[2014-05-24 21:16:50] Added file testcase1.txt
[2014-05-24 21:16:50] Added file testcase2.txt
[2014-05-24 21:16:50] Loaded test collection file mytc2.tc
[2014-05-24 21:17:30] Added file Test_01.txt
[2014-05-24 21:17:30] Added file Test_02.txt
[2014-05-24 21:17:30] Added file Test_03.txt
[2014-05-24 21:17:30] Added file Test_04.txt
[2014-05-24 21:17:30] Added file Test_05.txt
[2014-05-24 21:17:30] Added file Test_06.txt
[2014-05-24 21:17:30] Added file Test_08.txt
[2014-05-24 21:17:30] Added file testcase1.txt
[2014-05-24 21:17:30] Added file testcase2.txt
[2014-05-24 21:17:30] Loaded test collection file mytc2.tc
[2014-05-24 21:17:36] === Excecute test cases ===
[2014-05-24 21:17:36]  => Test case : Test_06.txt
[2014-05-24 21:17:42] --- Preflop --- Cards : Ah, Kh
[2014-05-24 21:17:42] Action: P0 S 
[2014-05-24 21:17:43] Action: P1 B 
[2014-05-24 21:17:43] Action: P2 F 
[2014-05-24 21:17:44] Action: P3 C 
[2014-05-24 21:17:44] Action: P4 F 
[2014-05-24 21:17:45] Action: P5 F 
[2014-05-24 21:17:45] Action: P6 F 
[2014-05-24 21:17:46] Action: Bot can FCRA do R 
[2014-05-24 21:17:56] Expected R, got R.
[2014-05-24 21:17:56] Expected R Any, got R 8.
[2014-05-24 21:17:56] Action: P7 F 
[2014-05-24 21:17:57] Action: P8 F 
[2014-05-24 21:17:57] Action: P0 F 
[2014-05-24 21:17:58] Action: P1 C 
[2014-05-24 21:17:58] Action: P3 C 
[2014-05-24 21:17:59] --- Flop --- Cards : Qc, Qs, 9d
[2014-05-24 21:17:59] Action: P1 K 
[2014-05-24 21:17:59] Action: P3 K 
[2014-05-24 21:18:00] Action: Bot can FKRA do R 
[2014-05-24 21:18:10] Expected R, got R.
[2014-05-24 21:18:10] Expected R Any, got R 23.
[2014-05-24 21:19:29] === Excecute test cases ===
[2014-05-24 21:19:29]  => Test case : Test_06.txt
[2014-05-24 21:19:29] Parsing error: Invalid action: Bot can FCRA do R C A P7 F
[2014-05-24 21:19:43] === Excecute test cases ===
[2014-05-24 21:19:43]  => Test case : Test_06.txt
[2014-05-24 21:19:49] --- Preflop --- Cards : Ah, Kh
[2014-05-24 21:19:49] Action: P0 S 
[2014-05-24 21:19:49] Action: P1 B 
[2014-05-24 21:19:50] Action: P2 F 
[2014-05-24 21:19:50] Action: P3 C 
[2014-05-24 21:19:51] Action: P4 F 
[2014-05-24 21:19:51] Action: P5 F 
[2014-05-24 21:19:52] Action: P6 F 
[2014-05-24 21:19:52] Action: Bot can FCRA do R C A 
[2014-05-24 21:19:58] Expected R, C, A, got C.
[2014-05-24 21:19:58] Action: P7 F 
[2014-05-24 21:19:58] Action: P8 F 
[2014-05-24 21:19:59] Action: P0 F 
[2014-05-24 21:19:59] Action: P1 C 
[2014-05-24 21:20:00] Action: P3 C 
[2014-05-24 21:20:00] --- Flop --- Cards : Qc, Qs, 9d
[2014-05-24 21:20:00] Action: P1 K 
[2014-05-24 21:20:01] Action: P3 K 
[2014-05-24 21:20:01] Action: Bot can FKRA do R 
[2014-05-24 21:20:07] Expected R, got F.
[2014-05-24 21:20:11] === Excecute test cases ===
[2014-05-24 21:20:11]  => Test case : Test_06.txt
[2014-05-24 21:20:17] --- Preflop --- Cards : Ah, Kh
[2014-05-24 21:20:17] Action: P0 S 
[2014-05-24 21:20:18] Action: P1 B 
[2014-05-24 21:20:18] Action: P2 F 
[2014-05-24 21:20:19] Action: P3 C 
[2014-05-24 21:20:19] Action: P4 F 
[2014-05-24 21:20:20] Action: P5 F 
[2014-05-24 21:20:20] Action: P6 F 
[2014-05-24 21:20:21] Action: Bot can FCRA do R C A 
[2014-05-24 21:20:24] Expected R, C, A, got A.
[2014-05-24 21:20:37] === Excecute test cases ===
[2014-05-24 21:20:37]  => Test case : Test_06.txt
[2014-05-24 21:20:43] --- Preflop --- Cards : Ah, Kh
[2014-05-24 21:20:43] Action: P0 S 
[2014-05-24 21:20:43] Action: P1 B 
[2014-05-24 21:20:44] Action: P2 F 
[2014-05-24 21:20:44] Action: P3 C 
[2014-05-24 21:20:45] Action: P4 F 
[2014-05-24 21:20:45] Action: P5 F 
[2014-05-24 21:20:46] Action: P6 F 
[2014-05-24 21:20:46] Action: Bot can FCRA do R C A 
[2014-05-24 21:20:53] Expected R, C, A, got R.
[2014-05-24 21:20:53] Expected R Any, got R 8.
[2014-05-24 21:20:53] Action: P7 F 
[2014-05-24 21:20:53] Action: P8 F 
[2014-05-24 21:20:54] Action: P0 F 
[2014-05-24 21:20:54] Action: P1 C 
[2014-05-24 21:20:55] Action: P3 C 
[2014-05-24 21:20:55] --- Flop --- Cards : Qc, Qs, 9d
[2014-05-24 21:20:55] Action: P1 K 
[2014-05-24 21:20:56] Action: P3 K 
[2014-05-24 21:20:56] Action: Bot can FKRA do R 
[2014-05-24 21:21:00] Expected R, got K.
[2014-05-24 21:21:07] === Excecute test cases ===
[2014-05-24 21:21:07]  => Test case : Test_06.txt
[2014-05-24 21:21:10] === Executing stopped ===
[2014-05-24 21:21:49] === Excecute test cases ===
[2014-05-24 21:21:49]  => Test case : Test_06.txt
[2014-05-24 21:21:55] --- Preflop --- Cards : Ah, Kh
[2014-05-24 21:21:55] Action: P0 S 
[2014-05-24 21:21:56] Action: P1 B 
[2014-05-24 21:21:56] Action: P2 F 
[2014-05-24 21:21:57] Action: P3 C 
[2014-05-24 21:21:57] Action: P4 F 
[2014-05-24 21:21:58] Action: P5 F 
[2014-05-24 21:21:58] Action: P6 F 
[2014-05-24 21:21:59] Action: Bot can FCRA do R 4 R 6 A 
[2014-05-24 21:22:08] Expected R, R, A, got R.
[2014-05-24 21:22:08] Expected R 6, got R 6.
[2014-05-24 21:22:08] Action: P7 F 
[2014-05-24 21:22:08] Action: P8 F 
[2014-05-24 21:22:09] Action: P0 F 
[2014-05-24 21:22:09] Action: P1 C 
[2014-05-24 21:22:10] Action: P3 C 
[2014-05-24 21:22:10] --- Flop --- Cards : Qc, Qs, 9d
[2014-05-24 21:22:10] Action: P1 K 
[2014-05-24 21:22:11] Action: P3 K 
[2014-05-24 21:22:11] Action: Bot can FKRA do R 
[2014-05-24 21:22:14] === Executing stopped ===
[2014-05-24 21:22:16] === Excecute test cases ===
[2014-05-24 21:22:16]  => Test case : Test_06.txt
[2014-05-24 21:22:22] --- Preflop --- Cards : Ah, Kh
[2014-05-24 21:22:22] Action: P0 S 
[2014-05-24 21:22:22] Action: P1 B 
[2014-05-24 21:22:23] Action: P2 F 
[2014-05-24 21:22:23] Action: P3 C 
[2014-05-24 21:22:24] Action: P4 F 
[2014-05-24 21:22:24] Action: P5 F 
[2014-05-24 21:22:25] Action: P6 F 
[2014-05-24 21:22:25] Action: Bot can FCRA do R 4 R 6 A 
[2014-05-24 21:22:33] Expected R, R, A, got R.
[2014-05-24 21:22:33] Expected R 6, got R 4.
[2014-05-24 21:22:33] Action: P7 F 
[2014-05-24 21:22:33] Action: P8 F 
[2014-05-24 21:22:34] Action: P0 F 
[2014-05-24 21:22:34] Action: P1 C 
[2014-05-24 21:22:35] Action: P3 C 
[2014-05-24 21:22:35] --- Flop --- Cards : Qc, Qs, 9d
[2014-05-24 21:22:35] Action: P1 K 
[2014-05-24 21:22:36] Action: P3 K 
[2014-05-24 21:22:36] Action: Bot can FKRA do R 
[2014-05-24 21:31:35] Added file Test_02.txt
[2014-05-24 21:31:35] Added file Test_03.txt
[2014-05-24 21:32:25] Added file Test_03.txt
[2014-05-24 21:32:25] Added file Test_04.txt
[2014-05-24 21:32:25] Added file Test_05.txt
[2014-05-25 00:21:52] Added file Test_01.txt
[2014-05-25 00:21:52] Added file Test_02.txt
[2014-05-25 00:21:52] Added file Test_03.txt
[2014-05-25 00:21:52] Added file Test_04.txt
[2014-05-25 00:21:52] Added file Test_05.txt
[2014-05-25 00:21:52] Added file Test_06.txt
[2014-05-25 00:21:52] Added file Test_08.txt
[2014-05-25 00:21:52] Added file testcase1.txt
[2014-05-25 00:21:52] Added file testcase2.txt
[2014-05-25 00:21:52] Loaded test collection file mytc2.tc
[2014-05-25 00:22:14] === Excecute test cases ===
[2014-05-25 00:24:00] Added file Test_01.txt
[2014-05-25 00:24:00] Added file Test_02.txt
[2014-05-25 00:24:00] Parsing error in file Test_03.txt. Invalid player balance: Bot 200 i
[2014-05-25 00:24:00] Added file Test_04.txt
[2014-05-25 00:24:00] Added file Test_05.txt
[2014-05-25 00:24:00] Added file Test_06.txt
[2014-05-25 00:24:00] Added file Test_08.txt
[2014-05-25 00:24:00] Added file testcase1.txt
[2014-05-25 00:24:00] Added file testcase2.txt
[2014-05-25 00:24:00] Loaded test collection file mytc2.tc
[2014-05-25 00:24:13] === Excecute test cases ===
[2014-05-25 00:24:13]  => Test case : Test_01.txt
[2014-05-25 00:24:20] --- Preflop --- Cards : Ah, Th
[2014-05-25 00:24:20] Action: P0 S 
[2014-05-25 00:24:20] Action: P1 B 
[2014-05-25 00:24:21] Action: P2 F 
[2014-05-25 00:24:21] Action: P3 F 
[2014-05-25 00:24:22] Action: P4 F 
[2014-05-25 00:24:22] Action: P5 F 
[2014-05-25 00:24:23] Action: P6 F 
[2014-05-25 00:24:23] Action: P7 F 
[2014-05-25 00:24:24] Action: P8 F 
[2014-05-25 00:24:25] Action: Bot can FCRA do R 5 
[2014-05-25 00:24:33] Expected R, got R.
[2014-05-25 00:24:33] Expected R 5, got R 5.
[2014-05-25 00:24:33] Action: P0 F 
[2014-05-25 00:24:34] Action: P1 C 
[2014-05-25 00:24:34] --- Flop --- Cards : As, 3d, 6h
[2014-05-25 00:24:34] Action: P1 K 
[2014-05-25 00:24:35] Action: Bot can FKRA do K 
[2014-05-25 00:24:37] Expected K, got K.
[2014-05-25 00:24:37] --- Turn --- Card : 5h
[2014-05-25 00:24:37] Action: P1 K 
[2014-05-25 00:24:37] Action: Bot can FKRA do R 8 
[2014-05-25 00:24:40] Expected R, got R.
[2014-05-25 00:24:40] Expected R 8, got R 8.
[2014-05-25 00:24:40] --- River --- Card : Ks
[2014-05-25 00:24:40] Action: P1 K 
[2014-05-25 00:24:41] Action: Bot can FKRA do R 10 
[2014-05-25 00:24:46] Expected R, got R.
[2014-05-25 00:24:46] Expected R 10, got R 10.
[2014-05-25 00:24:46]  => Test case : Test_02.txt
[2014-05-25 00:24:51] --- Preflop --- Cards : Ah, Th
[2014-05-25 00:24:51] Action: P0 S 
[2014-05-25 00:24:51] Action: P1 B 
[2014-05-25 00:24:52] Action: P2 F 
[2014-05-25 00:24:52] Action: P3 F 
[2014-05-25 00:24:53] Action: P4 F 
[2014-05-25 00:24:53] Action: P5 F 
[2014-05-25 00:24:54] Action: P6 F 
[2014-05-25 00:24:55] Action: P7 F 
[2014-05-25 00:24:56] Action: P8 F 
[2014-05-25 00:24:56] Action: Bot can FCRA do R 5 
[2014-05-25 00:25:00] Expected R, got R.
[2014-05-25 00:25:00] Expected R 5, got R 5.
[2014-05-25 00:25:00] Action: P0 F 
[2014-05-25 00:25:00] Action: P1 C 
[2014-05-25 00:25:01] --- Flop --- Cards : As, 3d, 6h
[2014-05-25 00:25:01] Action: P1 K 
[2014-05-25 00:25:01] Action: Bot can FKRA do K 
[2014-05-25 00:25:04] Expected K, got R.
[2014-05-25 00:25:04] --- Turn --- Card : 5h
[2014-05-25 00:25:04] Action: P1 R 8 
[2014-05-25 00:25:05] Action: Bot can FCRA do C 
[2014-05-25 00:25:12] Expected C, got C.
[2014-05-25 00:25:12] --- River --- Card : Ks
[2014-05-25 00:25:12] Action: P1 R 30 
[2014-05-25 00:25:12] Action: Bot can FCRA do F 
[2014-05-25 00:25:15] Expected F, got C.
[2014-05-25 00:25:15]  => Test case : Test_03.txt
[2014-05-25 00:25:15] Parsing error: Invalid player balance: Bot 200 i
[2014-05-25 00:26:15] Added file Test_01.txt
[2014-05-25 00:26:15] Added file Test_02.txt
[2014-05-25 00:26:15] Parsing error in file Test_03.txt. Invalid player balance: Bot 200 i
[2014-05-25 00:26:15] Added file Test_04.txt
[2014-05-25 00:26:15] Added file Test_05.txt
[2014-05-25 00:26:19] === Excecute test cases ===
[2014-05-25 00:26:19]  => Test case : Test_01.txt
[2014-05-25 00:26:25] --- Preflop --- Cards : Ah, Th
[2014-05-25 00:26:25] Action: P0 S 
[2014-05-25 00:26:26] Action: P1 B 
[2014-05-25 00:26:26] Action: P2 F 
[2014-05-25 00:26:27] Action: P3 F 
[2014-05-25 00:26:27] Action: P4 F 
[2014-05-25 00:26:28] Action: P5 F 
[2014-05-25 00:26:28] Action: P6 F 
[2014-05-25 00:26:29] Action: P7 F 
[2014-05-25 00:26:29] Action: P8 F 
[2014-05-25 00:26:31] Action: Bot can FCRA do R 5 
[2014-05-25 00:26:36] Expected R, got R.
[2014-05-25 00:26:36] Expected R 5, got R 5.
[2014-05-25 00:26:36] Action: P0 F 
[2014-05-25 00:26:36] Action: P1 C 
[2014-05-25 00:26:36] --- Flop --- Cards : As, 3d, 6h
[2014-05-25 00:26:36] Action: P1 K 
[2014-05-25 00:26:36] Action: Bot can FKRA do K 
[2014-05-25 00:26:40] Expected K, got K.
[2014-05-25 00:26:40] --- Turn --- Card : 5h
[2014-05-25 00:26:40] Action: P1 K 
[2014-05-25 00:26:40] Action: Bot can FKRA do R 8 
[2014-05-25 00:26:43] Expected R, got R.
[2014-05-25 00:26:43] Expected R 8, got R 8.
[2014-05-25 00:26:43] --- River --- Card : Ks
[2014-05-25 00:26:43] Action: P1 K 
[2014-05-25 00:26:43] Action: Bot can FKRA do R 10 
[2014-05-25 00:26:49] Expected R, got R.
[2014-05-25 00:26:49] Expected R 10, got R 10.
[2014-05-25 00:26:49]  => Test case : Test_02.txt
[2014-05-25 00:26:54] --- Preflop --- Cards : Ah, Th
[2014-05-25 00:26:54] Action: P0 S 
[2014-05-25 00:26:54] Action: P1 B 
[2014-05-25 00:26:54] Action: P2 F 
[2014-05-25 00:26:54] Action: P3 F 
[2014-05-25 00:26:54] Action: P4 F 
[2014-05-25 00:26:54] Action: P5 F 
[2014-05-25 00:26:54] Action: P6 F 
[2014-05-25 00:26:55] Action: P7 F 
[2014-05-25 00:26:55] Action: P8 F 
[2014-05-25 00:26:55] Action: Bot can FCRA do R 5 
[2014-05-25 00:26:56] Expected R, got F.
[2014-05-25 00:26:56]  => Test case : Test_03.txt
[2014-05-25 00:26:56] Parsing error: Invalid player balance: Bot 200 i
[2014-05-25 00:26:56]  => Execution finished
[2014-05-25 00:26:56] Result => Total: 3, Successful: 1, Failed: 1, Error: 1
[2014-05-25 00:27:28] === Excecute test cases ===
[2014-05-25 00:27:28]  => Test case : Test_04.txt
[2014-05-25 00:27:34] --- Preflop --- Cards : Kc, Tc
[2014-05-25 00:27:34] Action: P0 S 
[2014-05-25 00:27:34] Action: P1 B 
[2014-05-25 00:27:34] Action: P2 F 
[2014-05-25 00:27:34] Action: P3 F 
[2014-05-25 00:27:34] Action: P4 F 
[2014-05-25 00:27:34] Action: P5 F 
[2014-05-25 00:27:34] Action: P6 F 
[2014-05-25 00:27:34] Action: P7 F 
[2014-05-25 00:27:34] Action: P8 F 
[2014-05-25 00:27:35] Action: Bot can FCRA do R 5 
[2014-05-25 00:27:39] Expected R, got F.
[2014-05-25 00:28:24] === Excecute all test cases ===
[2014-05-25 00:28:24]  => Test case : Test_01.txt
[2014-05-25 00:28:31] --- Preflop --- Cards : Ah, Th
[2014-05-25 00:28:31] Action: P0 S 
[2014-05-25 00:28:31] Action: P1 B 
[2014-05-25 00:28:31] Action: P2 F 
[2014-05-25 00:28:31] Action: P3 F 
[2014-05-25 00:28:31] Action: P4 F 
[2014-05-25 00:28:31] Action: P5 F 
[2014-05-25 00:28:31] Action: P6 F 
[2014-05-25 00:28:31] Action: P7 F 
[2014-05-25 00:28:31] Action: P8 F 
[2014-05-25 00:28:32] Action: Bot can FCRA do R 5 
[2014-05-25 00:28:32] === Executing stopped ===
[2014-05-25 00:31:33] === Excecute all test cases ===
[2014-05-25 00:31:33]  => Test case : Test_01.txt
[2014-05-25 00:31:39] --- Preflop --- Cards : Ah, Th
[2014-05-25 00:31:39] Action: P0 S 
[2014-05-25 00:31:39] Action: P1 B 
[2014-05-25 00:31:39] Action: P2 F 
[2014-05-25 00:31:39] Action: P3 F 
[2014-05-25 00:31:39] Action: P4 F 
[2014-05-25 00:31:39] Action: P5 F 
[2014-05-25 00:31:39] Action: P6 F 
[2014-05-25 00:31:39] Action: P7 F 
[2014-05-25 00:31:39] Action: P8 F 
[2014-05-25 00:31:40] Action: Bot can FCRA do R 5 
[2014-05-25 00:31:50] Expected R, got R.
[2014-05-25 00:31:50] Expected R 5, got R 4.
[2014-05-25 00:31:50] Action: P0 F 
[2014-05-25 00:31:50] Action: P1 C 
[2014-05-25 00:31:50] --- Flop --- Cards : As, 3d, 6h
[2014-05-25 00:31:50] Action: P1 K 
[2014-05-25 00:31:50] Action: Bot can FKRA do K 
[2014-05-25 00:31:52] === Executing stopped ===
[2014-05-25 00:33:42] Added file Test_01.txt
[2014-05-25 00:33:42] Added file Test_02.txt
[2014-05-25 00:33:42] Parsing error in file Test_03.txt. Invalid player balance: Bot 200 i
[2014-05-25 00:33:42] Added file Test_04.txt
[2014-05-25 00:33:42] Added file Test_05.txt
[2014-05-25 00:33:42] Added file Test_06.txt
[2014-05-25 00:33:42] Added file Test_08.txt
[2014-05-25 00:33:42] Added file testcase1.txt
[2014-05-25 00:33:42] Added file testcase2.txt
[2014-05-25 00:33:42] Loaded test collection file mytc2.tc
[2014-05-25 00:33:49] === Excecute all test cases ===
[2014-05-25 00:33:49]  => Test case : Test_01.txt
[2014-05-25 00:33:55] --- Preflop --- Cards : Ah, Th
[2014-05-25 00:33:55] Action: P0 S 
[2014-05-25 00:33:56] Action: P1 B 
[2014-05-25 00:33:56] === Executing stopped ===
[2014-05-25 00:34:05] === Excecute test cases ===
[2014-05-25 00:34:05]  => Test case : Test_04.txt
[2014-05-25 00:34:11] --- Preflop --- Cards : Kc, Tc
[2014-05-25 00:34:11] Action: P0 S 
[2014-05-25 00:34:11] Action: P1 B 
[2014-05-25 00:34:12] Action: P2 F 
[2014-05-25 00:34:12] === Executing stopped ===
[2014-05-25 22:50:22] Added file markshmiter-tc.txt
[2014-05-25 22:50:22] Added file table_configuration_example.txt
[2014-05-25 22:50:22] Added file Test_01.txt
[2014-05-25 22:50:22] Added file Test_02.txt
[2014-05-25 22:50:22] Parsing error in file Test_03.txt. Invalid player balance: Bot 200 i
[2014-05-25 22:50:22] Added file Test_04.txt
[2014-05-25 22:50:22] Added file Test_05.txt
[2014-05-25 22:50:22] Added file Test_06.txt
[2014-05-25 22:50:22] Added file Test_08.txt
[2014-05-25 22:50:22] Added file testcase1.txt
[2014-05-25 22:50:22] Added file testcase2.txt
[2014-05-28 18:21:06] Added file testcase2.txt
[2014-05-28 18:21:18] === Excecute test cases ===
[2014-05-28 18:21:18]  => Test case : testcase2.txt
[2014-05-28 18:21:24] --- Preflop --- Cards : Ac, 5c
[2014-05-28 18:21:24] Action: P0 S 
[2014-05-28 18:21:24] Action: P1 B 
[2014-05-28 18:21:25] Action: P2 B 
[2014-05-28 18:21:25] Action: P2 K 
[2014-05-28 18:21:26] Action: P3 F 
[2014-05-28 18:21:26] Action: P4 F 
[2014-05-28 18:21:27] Action: P5 F 
[2014-05-28 18:21:27] Action: P6 F 
[2014-05-28 18:21:28] Action: P7 F 
[2014-05-28 18:21:29] Action: P8 F 
[2014-05-28 18:21:30] Action: Bot can FCRA do R 20.2 C 
[2014-05-28 18:23:06] Expected R, 20.2, C, got R.
[2014-05-28 18:23:06] Expected R Any, got R 20.2.
[2014-05-28 18:23:06] Action: P0 F 
[2014-05-28 18:23:07] Action: P1 C 
[2014-05-28 18:23:07] --- Flop --- Cards : As, 3d, 6h
[2014-05-28 18:23:07] Action: P1 K 
[2014-05-28 18:23:08] Action: Bot can FKRA do K 
[2014-05-28 18:23:24] Unknown error: could not convert string to float: '30,5'
[2014-05-28 18:23:24]  => Execution finished
[2014-05-28 18:34:30] Added file testcase2.txt
[2014-05-28 18:34:32] === Excecute test cases ===
[2014-05-28 18:34:32]  => Test case : testcase2.txt
[2014-05-28 18:34:39] --- Preflop --- Cards : Ac, 5c
[2014-05-28 18:34:39] Action: P0 S 
[2014-05-28 18:34:39] Action: P1 B 
[2014-05-28 18:34:40] Action: P2 B 
[2014-05-28 18:34:40] Action: P2 K 
[2014-05-28 18:34:41] Action: P3 F 
[2014-05-28 18:34:41] Action: P4 F 
[2014-05-28 18:34:42] Action: P5 F 
[2014-05-28 18:34:42] Action: P6 F 
[2014-05-28 18:34:43] Action: P7 F 
[2014-05-28 18:34:44] Action: P8 F 
[2014-05-28 18:34:45] Action: Bot can FCRA do R 20.2 C 
[2014-05-28 18:34:54] Unknown error: 'str' object has no attribute 'isnumberic'
[2014-05-28 18:34:54]  => Execution finished
[2014-05-28 18:35:29] Added file testcase2.txt
[2014-05-28 18:35:32] === Excecute test cases ===
[2014-05-28 18:35:32]  => Test case : testcase2.txt
[2014-05-28 18:35:38] --- Preflop --- Cards : Ac, 5c
[2014-05-28 18:35:38] Action: P0 S 
[2014-05-28 18:35:39] Action: P1 B 
[2014-05-28 18:35:39] Action: P2 B 
[2014-05-28 18:35:40] Action: P2 K 
[2014-05-28 18:35:40] Action: P3 F 
[2014-05-28 18:35:41] Action: P4 F 
[2014-05-28 18:35:41] Action: P5 F 
[2014-05-28 18:35:42] Action: P6 F 
[2014-05-28 18:35:42] Action: P7 F 
[2014-05-28 18:35:44] Action: P8 F 
[2014-05-28 18:35:44] Action: Bot can FCRA do R 20.2 C 
[2014-05-28 18:35:51] Expected R, 20.2, C, got R.
[2014-05-28 18:35:51] Expected R Any, got R 20.2.
[2014-05-28 18:35:51] Action: P0 F 
[2014-05-28 18:35:52] Action: P1 C 
[2014-05-28 18:35:52] --- Flop --- Cards : As, 3d, 6h
[2014-05-28 18:35:52] Action: P1 K 
[2014-05-28 18:35:53] Action: Bot can FKRA do K 
[2014-05-28 18:36:59] Added file testcase2.txt
[2014-05-28 18:37:07] === Excecute test cases ===
[2014-05-28 18:37:07]  => Test case : testcase2.txt
[2014-05-28 18:37:13] --- Preflop --- Cards : Ac, 5c
[2014-05-28 18:37:13] Action: P0 S 
[2014-05-28 18:37:13] Action: P1 B 
[2014-05-28 18:37:14] Action: P2 B 
[2014-05-28 18:37:14] Action: P2 K 
[2014-05-28 18:37:15] Action: P3 F 
[2014-05-28 18:37:15] Action: P4 F 
[2014-05-28 18:37:16] Action: P5 F 
[2014-05-28 18:37:16] Action: P6 F 
[2014-05-28 18:37:17] Action: P7 F 
[2014-05-28 18:37:18] Action: P8 F 
[2014-05-28 18:37:19] Action: Bot can FCRA do R 20.2 C 
[2014-05-28 18:37:24] Expected R, C, got R.
[2014-05-28 18:37:24] Expected R Any, got R 20.2.
[2014-05-28 18:37:24] Action: P0 F 
[2014-05-28 18:37:25] Action: P1 C 
[2014-05-28 18:37:25] --- Flop --- Cards : As, 3d, 6h
[2014-05-28 18:37:25] Action: P1 K 
[2014-05-28 18:37:26] Action: Bot can FKRA do K 
[2014-05-28 19:21:52] Added file Test_01.txt
[2014-05-28 19:21:57] === Excecute all test cases ===
[2014-05-28 19:21:57]  => Test case : Test_01.txt
[2014-05-28 19:22:01] Unknown error: 'Hans' is not in list
[2014-05-28 19:22:01]  => Execution finished
[2014-05-28 19:38:51] Parsing error in file Test_01.txt. Player isn't playing: P5
[2014-05-28 19:40:39] Parsing error in file Test_01.txt. Player isn't playing: Hans
[2014-05-28 19:40:51] === Excecute test cases ===
[2014-05-28 19:40:51]  => Test case : Test_01.txt
[2014-05-28 19:40:57] --- Preflop --- Cards : Ah, 9s
[2014-05-28 19:40:57] Action: P0 S 
[2014-05-28 19:40:57] Action: P1 B 
[2014-05-28 19:40:58] Action: P2 F 
[2014-05-28 19:40:58] Action: P3 F 
[2014-05-28 19:40:59] Action: Hero can FCRA do R 
[2014-05-28 19:41:00] === Executing stopped ===
[2014-05-28 19:41:05] Expected R, got F.
[2014-05-28 19:53:58] Added file Test_01.txt
[2014-05-28 19:54:23] === Excecute test cases ===
[2014-05-28 19:54:23]  => Test case : Test_01.txt
[2014-05-28 19:54:23] Parsing error: Could not find hero
[2014-05-28 19:54:23]  => Execution finished
[2014-05-28 19:54:37] === Excecute test cases ===
[2014-05-28 19:54:37]  => Test case : Test_01.txt
[2014-05-28 19:54:37] Parsing error: First preflop action has to define small blind
[2014-05-28 19:54:37]  => Execution finished
[2014-05-28 19:54:44] === Excecute test cases ===
[2014-05-28 19:54:44]  => Test case : Test_01.txt
[2014-05-28 19:54:44] Parsing error: First preflop action has to define small blind
[2014-05-28 19:54:44]  => Execution finished
[2014-05-28 19:57:05] Added file 13834836091.txt
[2014-05-28 19:57:05] Added file 13834837866.txt
[2014-05-28 19:57:05] Parsing error in file 13834838788.txt. Player isn't playing: Serob
[2014-05-28 19:57:05] Parsing error in file 13834839807.txt. Player isn't playing: NPK_PACMAN
[2014-05-28 19:57:05] Added file 13834840534.txt
[2014-05-28 19:57:05] Added file 13834841189.txt
[2014-05-28 19:57:05] Added file 13834841941.txt
[2014-05-28 19:57:05] Added file 13834842535.txt
[2014-05-28 19:57:05] Added file 13834844000.txt
[2014-05-28 19:57:05] Added file 13834844804.txt
[2014-05-28 19:57:05] Added file 13834845216.txt
[2014-05-28 19:57:05] Added file 13834846704.txt
[2014-05-28 19:57:05] Added file 13834847369.txt
[2014-05-28 19:57:05] Added file 13834849519.txt
[2014-05-28 19:57:05] Added file 13834851129.txt
[2014-05-28 19:57:05] Added file 13834853279.txt
[2014-05-28 19:57:05] Added file 13834854649.txt
[2014-05-28 19:57:05] Added file 13834855791.txt
[2014-05-28 19:57:05] Added file 13834857239.txt
[2014-05-28 19:57:05] Added file 13834858744.txt
[2014-05-28 19:57:05] Added file 13834859568.txt
[2014-05-28 19:57:05] Added file 13834861577.txt
[2014-05-28 19:57:05] Added file 13834862497.txt
[2014-05-28 19:57:05] Added file 13834863186.txt
[2014-05-28 19:57:05] Parsing error in file 13834864572.txt. Player isn't playing: NPK_PACMAN
[2014-05-28 19:57:05] Parsing error in file 13834865450.txt. Player isn't playing: NPK_PACMAN
[2014-05-28 19:57:05] Parsing error in file 13834866403.txt. Player isn't playing: NPK_PACMAN
[2014-05-28 19:57:05] Added file 13834867187.txt
[2014-05-28 19:57:05] Parsing error in file 13834869271.txt. Player isn't playing: TripsDraw
[2014-05-28 19:57:05] Parsing error in file 13834869914.txt. Player isn't playing: Prozac85
[2014-05-28 19:57:05] Added file 13834872097.txt
[2014-05-28 19:57:05] Added file 13834873397.txt
[2014-05-28 19:57:05] Parsing error in file 13834874118.txt. Player isn't playing: talick
[2014-05-28 19:57:05] Parsing error in file 13834876650.txt. Player isn't playing: talick
[2014-05-28 19:57:05] Parsing error in file 13834878719.txt. Player isn't playing: talick
[2014-05-28 19:57:05] Parsing error in file 13834879229.txt. Player isn't playing: talick
[2014-05-28 19:57:05] Added file 13834880225.txt
[2014-05-28 19:57:05] Added file 13834881145.txt
[2014-05-28 19:57:05] Added file 13834882185.txt
[2014-05-28 19:57:05] Added file 13834884131.txt
[2014-05-28 19:57:05] Added file 13834885075.txt
[2014-05-28 19:57:05] Parsing error in file 13834886004.txt. Player isn't playing: GercogQJs
[2014-05-28 19:57:05] Parsing error in file 13834886789.txt. Could not find hero
[2014-05-28 19:57:05] Added file 13834887868.txt
[2014-05-28 19:57:05] Added file 13834888890.txt
[2014-05-28 19:57:05] Added file 13834889888.txt
[2014-05-28 19:57:05] Added file 13834891922.txt
[2014-05-28 19:57:05] Added file 13834893313.txt
[2014-05-28 19:57:05] Added file 13834893869.txt
[2014-05-28 19:57:05] Added file 13834894523.txt
[2014-05-28 19:57:05] Parsing error in file 13834895410.txt. Player isn't playing: HAVVK
[2014-05-28 19:57:05] Parsing error in file 13834896357.txt. Player isn't playing: HAVVK
[2014-05-28 19:57:05] Added file 13834896787.txt
[2014-05-28 19:57:05] Added file 13834897609.txt
[2014-05-28 19:57:05] Added file 13834898404.txt
[2014-05-28 19:57:05] Parsing error in file 13834899396.txt. Player isn't playing: Vitalya72o
[2014-05-28 19:57:05] Parsing error in file 13834900103.txt. Player isn't playing: Desiree.1
[2014-05-28 19:57:05] Added file 13834900922.txt
[2014-05-28 19:57:05] Added file 13834901697.txt
[2014-05-28 19:57:05] Added file 13834902075.txt
[2014-05-28 19:57:05] Parsing error in file 13834902897.txt. Player isn't playing: Vitalya72o
[2014-05-28 19:57:05] Added file 13834903914.txt
[2014-05-28 19:57:05] Added file 13834906643.txt
[2014-05-28 19:57:05] Parsing error in file 13834908686.txt. Player isn't playing: Vitalya72o
[2014-05-28 19:57:05] Added file 13834909115.txt
[2014-05-28 19:57:05] Parsing error in file 13834918685.txt. Player isn't playing: CotteZ
[2014-05-28 19:57:05] Parsing error in file 13834921302.txt. Player isn't playing: PerixMX
[2014-05-28 19:57:05] Parsing error in file 13834922499.txt. Player isn't playing: PerixMX
[2014-05-28 19:57:05] Parsing error in file 13834924494.txt. Player isn't playing: PerixMX
[2014-05-28 19:57:05] Added file 13834925662.txt
[2014-05-28 19:57:05] Added file 13834927757.txt
[2014-05-28 19:57:05] Added file 13834928784.txt
[2014-05-28 19:57:05] Added file 13834930096.txt
[2014-05-28 19:57:05] Added file 13834932693.txt
[2014-05-28 19:57:05] Added file 13834934192.txt
[2014-05-28 19:57:05] Parsing error in file 13834935546.txt. Player isn't playing: shuttelz
[2014-05-28 19:57:05] Parsing error in file 13834937666.txt. Player isn't playing: shuttelz
[2014-05-28 19:57:05] Parsing error in file 13834938658.txt. Player isn't playing: shuttelz
[2014-05-28 19:57:05] Parsing error in file 13834940797.txt. Player isn't playing: shuttelz
[2014-05-28 19:57:05] Parsing error in file 13834943189.txt. Player isn't playing: shuttelz
[2014-05-28 19:57:05] Parsing error in file 13834944984.txt. Player isn't playing: shuttelz
[2014-05-28 19:57:05] Parsing error in file 13834946690.txt. Player isn't playing: shuttelz
[2014-05-28 19:57:05] Added file 13834949090.txt
[2014-05-28 19:57:05] Added file 13834950926.txt
[2014-05-28 19:57:05] Added file 13834952583.txt
[2014-05-28 19:57:05] Added file 13834954563.txt
[2014-05-28 19:57:05] Added file 13834957257.txt
[2014-05-28 19:57:05] Added file 13834959556.txt
[2014-05-28 19:57:05] Added file 13834961129.txt
[2014-05-28 19:57:05] Added file 13834963675.txt
[2014-05-28 19:57:05] Added file 13834965034.txt
[2014-05-28 19:57:05] Added file 13834966511.txt
[2014-05-28 19:57:05] Added file 13834967689.txt
[2014-05-28 19:57:05] Added file 13834969533.txt
[2014-05-28 19:57:05] Added file 13835050450.txt
[2014-05-28 19:57:05] Added file 13835052162.txt
[2014-05-28 19:57:05] Added file 13835057013.txt
[2014-05-28 19:57:05] Added file 13835060577.txt
[2014-05-28 19:57:05] Added file 13835062472.txt
[2014-05-28 19:57:05] Parsing error in file 13835064550.txt. Player isn't playing: CashDiesel
[2014-05-28 19:57:05] Parsing error in file 13835065600.txt. Player isn't playing: heppinnApi
[2014-05-28 19:57:05] Parsing error in file 13835067862.txt. Player isn't playing: heppinnApi
[2014-05-28 19:57:05] Parsing error in file 13835070005.txt. Player isn't playing: heppinnApi
[2014-05-28 19:57:05] Added file 13835072011.txt
[2014-05-28 19:57:05] Parsing error in file 13835073631.txt. Player isn't playing: crack_dactor
[2014-05-28 19:57:05] Parsing error in file 13835075453.txt. Player isn't playing: crack_dactor
[2014-05-28 19:57:05] Added file 13835077388.txt
[2014-05-28 19:57:05] Added file 13835083063.txt
[2014-05-28 19:57:05] Added file 13835085779.txt
[2014-05-28 19:57:05] Added file 13835089523.txt
[2014-05-28 19:57:05] Added file 13835092276.txt
[2014-05-28 19:57:05] Added file 13835094996.txt
[2014-05-28 19:57:05] Added file 13835099185.txt
[2014-05-28 19:57:05] Added file 13835100453.txt
[2014-05-28 20:16:49] Added file 13834836091.txt
[2014-05-28 20:16:49] Added file 13834837866.txt
[2014-05-28 20:16:49] Added file 13834838788.txt
[2014-05-28 20:16:49] Added file 13834839807.txt
[2014-05-28 20:16:49] Added file 13834840534.txt
[2014-05-28 20:16:49] Added file 13834841189.txt
[2014-05-28 20:16:49] Added file 13834841941.txt
[2014-05-28 20:16:49] Added file 13834842535.txt
[2014-05-28 20:16:49] Added file 13834844000.txt
[2014-05-28 20:16:49] Added file 13834844804.txt
[2014-05-28 20:16:49] Added file 13834845216.txt
[2014-05-28 20:16:49] Added file 13834846704.txt
[2014-05-28 20:16:49] Added file 13834847369.txt
[2014-05-28 20:16:49] Added file 13834849519.txt
[2014-05-28 20:16:49] Added file 13834851129.txt
[2014-05-28 20:16:49] Added file 13834853279.txt
[2014-05-28 20:16:49] Added file 13834854649.txt
[2014-05-28 20:16:49] Added file 13834855791.txt
[2014-05-28 20:16:49] Added file 13834857239.txt
[2014-05-28 20:16:49] Added file 13834858744.txt
[2014-05-28 20:16:49] Added file 13834859568.txt
[2014-05-28 20:16:49] Added file 13834861577.txt
[2014-05-28 20:16:49] Added file 13834862497.txt
[2014-05-28 20:16:49] Added file 13834863186.txt
[2014-05-28 20:16:49] Added file 13834864572.txt
[2014-05-28 20:16:49] Added file 13834865450.txt
[2014-05-28 20:16:49] Added file 13834866403.txt
[2014-05-28 20:16:49] Added file 13834867187.txt
[2014-05-28 20:16:49] Added file 13834869271.txt
[2014-05-28 20:16:49] Added file 13834869914.txt
[2014-05-28 20:16:49] Added file 13834872097.txt
[2014-05-28 20:16:49] Added file 13834873397.txt
[2014-05-28 20:16:49] Added file 13834874118.txt
[2014-05-28 20:16:49] Added file 13834876650.txt
[2014-05-28 20:16:49] Added file 13834878719.txt
[2014-05-28 20:16:49] Added file 13834879229.txt
[2014-05-28 20:16:49] Added file 13834880225.txt
[2014-05-28 20:16:49] Added file 13834881145.txt
[2014-05-28 20:16:49] Added file 13834882185.txt
[2014-05-28 20:16:49] Added file 13834884131.txt
[2014-05-28 20:16:49] Added file 13834885075.txt
[2014-05-28 20:16:49] Added file 13834886004.txt
[2014-05-28 20:16:49] Parsing error in file 13834886789.txt. Could not find hero
[2014-05-28 20:16:49] Added file 13834887868.txt
[2014-05-28 20:16:49] Added file 13834888890.txt
[2014-05-28 20:16:49] Added file 13834889888.txt
[2014-05-28 20:16:49] Added file 13834891922.txt
[2014-05-28 20:16:49] Added file 13834893313.txt
[2014-05-28 20:16:49] Added file 13834893869.txt
[2014-05-28 20:16:49] Added file 13834894523.txt
[2014-05-28 20:16:49] Added file 13834895410.txt
[2014-05-28 20:16:49] Added file 13834896357.txt
[2014-05-28 20:16:49] Added file 13834896787.txt
[2014-05-28 20:16:49] Added file 13834897609.txt
[2014-05-28 20:16:49] Added file 13834898404.txt
[2014-05-28 20:16:49] Added file 13834899396.txt
[2014-05-28 20:16:49] Added file 13834900103.txt
[2014-05-28 20:16:49] Added file 13834900922.txt
[2014-05-28 20:16:49] Added file 13834901697.txt
[2014-05-28 20:16:49] Added file 13834902075.txt
[2014-05-28 20:16:49] Added file 13834902897.txt
[2014-05-28 20:16:49] Added file 13834903914.txt
[2014-05-28 20:16:49] Added file 13834906643.txt
[2014-05-28 20:16:49] Added file 13834908686.txt
[2014-05-28 20:16:49] Added file 13834909115.txt
[2014-05-28 20:16:49] Added file 13834918685.txt
[2014-05-28 20:16:49] Added file 13834921302.txt
[2014-05-28 20:16:49] Added file 13834922499.txt
[2014-05-28 20:16:49] Added file 13834924494.txt
[2014-05-28 20:16:49] Added file 13834925662.txt
[2014-05-28 20:16:49] Added file 13834927757.txt
[2014-05-28 20:16:49] Added file 13834928784.txt
[2014-05-28 20:16:49] Added file 13834930096.txt
[2014-05-28 20:16:49] Added file 13834932693.txt
[2014-05-28 20:16:49] Added file 13834934192.txt
[2014-05-28 20:16:49] Added file 13834935546.txt
[2014-05-28 20:16:49] Added file 13834937666.txt
[2014-05-28 20:16:49] Added file 13834938658.txt
[2014-05-28 20:16:49] Added file 13834940797.txt
[2014-05-28 20:16:49] Added file 13834943189.txt
[2014-05-28 20:16:49] Added file 13834944984.txt
[2014-05-28 20:16:49] Added file 13834946690.txt
[2014-05-28 20:16:49] Added file 13834949090.txt
[2014-05-28 20:16:49] Added file 13834950926.txt
[2014-05-28 20:16:49] Added file 13834952583.txt
[2014-05-28 20:16:49] Added file 13834954563.txt
[2014-05-28 20:16:49] Added file 13834957257.txt
[2014-05-28 20:16:49] Added file 13834959556.txt
[2014-05-28 20:16:49] Added file 13834961129.txt
[2014-05-28 20:16:49] Added file 13834963675.txt
[2014-05-28 20:16:49] Added file 13834965034.txt
[2014-05-28 20:16:49] Added file 13834966511.txt
[2014-05-28 20:16:49] Added file 13834967689.txt
[2014-05-28 20:16:49] Added file 13834969533.txt
[2014-05-28 20:16:49] Added file 13835050450.txt
[2014-05-28 20:16:49] Added file 13835052162.txt
[2014-05-28 20:16:49] Added file 13835057013.txt
[2014-05-28 20:16:49] Added file 13835060577.txt
[2014-05-28 20:16:49] Added file 13835062472.txt
[2014-05-28 20:16:49] Added file 13835064550.txt
[2014-05-28 20:16:49] Added file 13835065600.txt
[2014-05-28 20:16:49] Added file 13835067862.txt
[2014-05-28 20:16:49] Added file 13835070005.txt
[2014-05-28 20:16:49] Added file 13835072011.txt
[2014-05-28 20:16:49] Added file 13835073631.txt
[2014-05-28 20:16:49] Added file 13835075453.txt
[2014-05-28 20:16:49] Added file 13835077388.txt
[2014-05-28 20:16:49] Added file 13835083063.txt
[2014-05-28 20:16:49] Added file 13835085779.txt
[2014-05-28 20:16:49] Added file 13835089523.txt
[2014-05-28 20:16:49] Added file 13835092276.txt
[2014-05-28 20:16:49] Added file 13835094996.txt
[2014-05-28 20:16:49] Added file 13835099185.txt
[2014-05-28 20:16:49] Added file 13835100453.txt
